Start testing: Mar 16 10:47 EDT
----------------------------------------------------------
1/36 Testing: TokenizerTest.TokenizerExampleTest
1/36 Test: TokenizerTest.TokenizerExampleTest
Command: "/Users/nr/projects/jerry/build/bin/tokenizer_tests" "--gtest_filter=TokenizerTest.TokenizerExampleTest" "--gtest_also_run_disabled_tests"
Directory: /Users/nr/projects/jerry/build
"TokenizerTest.TokenizerExampleTest" start time: Mar 16 10:47 EDT
Output:
----------------------------------------------------------
Running main() from /tmp/googletest-20250207-4735-e28tfc/googletest-1.16.0/googletest/src/gtest_main.cc
Note: Google Test filter = TokenizerTest.TokenizerExampleTest
[==========] Running 1 test from 1 test suite.
[----------] Global test environment set-up.
[----------] 1 test from TokenizerTest
[ RUN      ] TokenizerTest.TokenizerExampleTest
[       OK ] TokenizerTest.TokenizerExampleTest (0 ms)
[----------] 1 test from TokenizerTest (0 ms total)

[----------] Global test environment tear-down
[==========] 1 test from 1 test suite ran. (0 ms total)
[  PASSED  ] 1 test.
<end of output>
Test time =   0.03 sec
----------------------------------------------------------
Test Passed.
"TokenizerTest.TokenizerExampleTest" end time: Mar 16 10:47 EDT
"TokenizerTest.TokenizerExampleTest" time elapsed: 00:00:00
----------------------------------------------------------

2/36 Testing: TokenizerTest.PureTest
2/36 Test: TokenizerTest.PureTest
Command: "/Users/nr/projects/jerry/build/bin/tokenizer_tests" "--gtest_filter=TokenizerTest.PureTest" "--gtest_also_run_disabled_tests"
Directory: /Users/nr/projects/jerry/build
"TokenizerTest.PureTest" start time: Mar 16 10:47 EDT
Output:
----------------------------------------------------------
Running main() from /tmp/googletest-20250207-4735-e28tfc/googletest-1.16.0/googletest/src/gtest_main.cc
Note: Google Test filter = TokenizerTest.PureTest
[==========] Running 1 test from 1 test suite.
[----------] Global test environment set-up.
[----------] 1 test from TokenizerTest
[ RUN      ] TokenizerTest.PureTest
[       OK ] TokenizerTest.PureTest (0 ms)
[----------] 1 test from TokenizerTest (0 ms total)

[----------] Global test environment tear-down
[==========] 1 test from 1 test suite ran. (0 ms total)
[  PASSED  ] 1 test.
<end of output>
Test time =   0.03 sec
----------------------------------------------------------
Test Passed.
"TokenizerTest.PureTest" end time: Mar 16 10:47 EDT
"TokenizerTest.PureTest" time elapsed: 00:00:00
----------------------------------------------------------

3/36 Testing: TokenizerTest.ParseWordTest
3/36 Test: TokenizerTest.ParseWordTest
Command: "/Users/nr/projects/jerry/build/bin/tokenizer_tests" "--gtest_filter=TokenizerTest.ParseWordTest" "--gtest_also_run_disabled_tests"
Directory: /Users/nr/projects/jerry/build
"TokenizerTest.ParseWordTest" start time: Mar 16 10:47 EDT
Output:
----------------------------------------------------------
Running main() from /tmp/googletest-20250207-4735-e28tfc/googletest-1.16.0/googletest/src/gtest_main.cc
Note: Google Test filter = TokenizerTest.ParseWordTest
[==========] Running 1 test from 1 test suite.
[----------] Global test environment set-up.
[----------] 1 test from TokenizerTest
[ RUN      ] TokenizerTest.ParseWordTest
[       OK ] TokenizerTest.ParseWordTest (0 ms)
[----------] 1 test from TokenizerTest (0 ms total)

[----------] Global test environment tear-down
[==========] 1 test from 1 test suite ran. (0 ms total)
[  PASSED  ] 1 test.
<end of output>
Test time =   0.03 sec
----------------------------------------------------------
Test Passed.
"TokenizerTest.ParseWordTest" end time: Mar 16 10:47 EDT
"TokenizerTest.ParseWordTest" time elapsed: 00:00:00
----------------------------------------------------------

4/36 Testing: TokenizerTest.ParseSentenceBindTest
4/36 Test: TokenizerTest.ParseSentenceBindTest
Command: "/Users/nr/projects/jerry/build/bin/tokenizer_tests" "--gtest_filter=TokenizerTest.ParseSentenceBindTest" "--gtest_also_run_disabled_tests"
Directory: /Users/nr/projects/jerry/build
"TokenizerTest.ParseSentenceBindTest" start time: Mar 16 10:47 EDT
Output:
----------------------------------------------------------
Running main() from /tmp/googletest-20250207-4735-e28tfc/googletest-1.16.0/googletest/src/gtest_main.cc
Note: Google Test filter = TokenizerTest.ParseSentenceBindTest
[==========] Running 1 test from 1 test suite.
[----------] Global test environment set-up.
[----------] 1 test from TokenizerTest
[ RUN      ] TokenizerTest.ParseSentenceBindTest
[       OK ] TokenizerTest.ParseSentenceBindTest (0 ms)
[----------] 1 test from TokenizerTest (0 ms total)

[----------] Global test environment tear-down
[==========] 1 test from 1 test suite ran. (0 ms total)
[  PASSED  ] 1 test.
<end of output>
Test time =   0.03 sec
----------------------------------------------------------
Test Passed.
"TokenizerTest.ParseSentenceBindTest" end time: Mar 16 10:47 EDT
"TokenizerTest.ParseSentenceBindTest" time elapsed: 00:00:00
----------------------------------------------------------

5/36 Testing: TokenizerTest.MapCharTest
5/36 Test: TokenizerTest.MapCharTest
Command: "/Users/nr/projects/jerry/build/bin/tokenizer_tests" "--gtest_filter=TokenizerTest.MapCharTest" "--gtest_also_run_disabled_tests"
Directory: /Users/nr/projects/jerry/build
"TokenizerTest.MapCharTest" start time: Mar 16 10:47 EDT
Output:
----------------------------------------------------------
Running main() from /tmp/googletest-20250207-4735-e28tfc/googletest-1.16.0/googletest/src/gtest_main.cc
Note: Google Test filter = TokenizerTest.MapCharTest
[==========] Running 1 test from 1 test suite.
[----------] Global test environment set-up.
[----------] 1 test from TokenizerTest
[ RUN      ] TokenizerTest.MapCharTest
[       OK ] TokenizerTest.MapCharTest (0 ms)
[----------] 1 test from TokenizerTest (0 ms total)

[----------] Global test environment tear-down
[==========] 1 test from 1 test suite ran. (0 ms total)
[  PASSED  ] 1 test.
<end of output>
Test time =   0.03 sec
----------------------------------------------------------
Test Passed.
"TokenizerTest.MapCharTest" end time: Mar 16 10:47 EDT
"TokenizerTest.MapCharTest" time elapsed: 00:00:00
----------------------------------------------------------

6/36 Testing: TokenizerTest.BraceOpenTest
6/36 Test: TokenizerTest.BraceOpenTest
Command: "/Users/nr/projects/jerry/build/bin/tokenizer_tests" "--gtest_filter=TokenizerTest.BraceOpenTest" "--gtest_also_run_disabled_tests"
Directory: /Users/nr/projects/jerry/build
"TokenizerTest.BraceOpenTest" start time: Mar 16 10:47 EDT
Output:
----------------------------------------------------------
Running main() from /tmp/googletest-20250207-4735-e28tfc/googletest-1.16.0/googletest/src/gtest_main.cc
Note: Google Test filter = TokenizerTest.BraceOpenTest
[==========] Running 1 test from 1 test suite.
[----------] Global test environment set-up.
[----------] 1 test from TokenizerTest
[ RUN      ] TokenizerTest.BraceOpenTest
[       OK ] TokenizerTest.BraceOpenTest (0 ms)
[----------] 1 test from TokenizerTest (0 ms total)

[----------] Global test environment tear-down
[==========] 1 test from 1 test suite ran. (0 ms total)
[  PASSED  ] 1 test.
<end of output>
Test time =   0.03 sec
----------------------------------------------------------
Test Passed.
"TokenizerTest.BraceOpenTest" end time: Mar 16 10:47 EDT
"TokenizerTest.BraceOpenTest" time elapsed: 00:00:00
----------------------------------------------------------

7/36 Testing: TokenizerTest.OrElseTest
7/36 Test: TokenizerTest.OrElseTest
Command: "/Users/nr/projects/jerry/build/bin/tokenizer_tests" "--gtest_filter=TokenizerTest.OrElseTest" "--gtest_also_run_disabled_tests"
Directory: /Users/nr/projects/jerry/build
"TokenizerTest.OrElseTest" start time: Mar 16 10:47 EDT
Output:
----------------------------------------------------------
Running main() from /tmp/googletest-20250207-4735-e28tfc/googletest-1.16.0/googletest/src/gtest_main.cc
Note: Google Test filter = TokenizerTest.OrElseTest
[==========] Running 1 test from 1 test suite.
[----------] Global test environment set-up.
[----------] 1 test from TokenizerTest
[ RUN      ] TokenizerTest.OrElseTest
[       OK ] TokenizerTest.OrElseTest (0 ms)
[----------] 1 test from TokenizerTest (0 ms total)

[----------] Global test environment tear-down
[==========] 1 test from 1 test suite ran. (0 ms total)
[  PASSED  ] 1 test.
<end of output>
Test time =   0.03 sec
----------------------------------------------------------
Test Passed.
"TokenizerTest.OrElseTest" end time: Mar 16 10:47 EDT
"TokenizerTest.OrElseTest" time elapsed: 00:00:00
----------------------------------------------------------

8/36 Testing: TokenizerTest.ManyOfTest
8/36 Test: TokenizerTest.ManyOfTest
Command: "/Users/nr/projects/jerry/build/bin/tokenizer_tests" "--gtest_filter=TokenizerTest.ManyOfTest" "--gtest_also_run_disabled_tests"
Directory: /Users/nr/projects/jerry/build
"TokenizerTest.ManyOfTest" start time: Mar 16 10:47 EDT
Output:
----------------------------------------------------------
Running main() from /tmp/googletest-20250207-4735-e28tfc/googletest-1.16.0/googletest/src/gtest_main.cc
Note: Google Test filter = TokenizerTest.ManyOfTest
[==========] Running 1 test from 1 test suite.
[----------] Global test environment set-up.
[----------] 1 test from TokenizerTest
[ RUN      ] TokenizerTest.ManyOfTest
[       OK ] TokenizerTest.ManyOfTest (0 ms)
[----------] 1 test from TokenizerTest (0 ms total)

[----------] Global test environment tear-down
[==========] 1 test from 1 test suite ran. (0 ms total)
[  PASSED  ] 1 test.
<end of output>
Test time =   0.03 sec
----------------------------------------------------------
Test Passed.
"TokenizerTest.ManyOfTest" end time: Mar 16 10:47 EDT
"TokenizerTest.ManyOfTest" time elapsed: 00:00:00
----------------------------------------------------------

9/36 Testing: TokenizerTest.DigitTest
9/36 Test: TokenizerTest.DigitTest
Command: "/Users/nr/projects/jerry/build/bin/tokenizer_tests" "--gtest_filter=TokenizerTest.DigitTest" "--gtest_also_run_disabled_tests"
Directory: /Users/nr/projects/jerry/build
"TokenizerTest.DigitTest" start time: Mar 16 10:47 EDT
Output:
----------------------------------------------------------
Running main() from /tmp/googletest-20250207-4735-e28tfc/googletest-1.16.0/googletest/src/gtest_main.cc
Note: Google Test filter = TokenizerTest.DigitTest
[==========] Running 1 test from 1 test suite.
[----------] Global test environment set-up.
[----------] 1 test from TokenizerTest
[ RUN      ] TokenizerTest.DigitTest
[       OK ] TokenizerTest.DigitTest (0 ms)
[----------] 1 test from TokenizerTest (0 ms total)

[----------] Global test environment tear-down
[==========] 1 test from 1 test suite ran. (0 ms total)
[  PASSED  ] 1 test.
<end of output>
Test time =   0.03 sec
----------------------------------------------------------
Test Passed.
"TokenizerTest.DigitTest" end time: Mar 16 10:47 EDT
"TokenizerTest.DigitTest" time elapsed: 00:00:00
----------------------------------------------------------

10/36 Testing: TokenizerTest.ParseJsonStringTest
10/36 Test: TokenizerTest.ParseJsonStringTest
Command: "/Users/nr/projects/jerry/build/bin/tokenizer_tests" "--gtest_filter=TokenizerTest.ParseJsonStringTest" "--gtest_also_run_disabled_tests"
Directory: /Users/nr/projects/jerry/build
"TokenizerTest.ParseJsonStringTest" start time: Mar 16 10:47 EDT
Output:
----------------------------------------------------------
Running main() from /tmp/googletest-20250207-4735-e28tfc/googletest-1.16.0/googletest/src/gtest_main.cc
Note: Google Test filter = TokenizerTest.ParseJsonStringTest
[==========] Running 1 test from 1 test suite.
[----------] Global test environment set-up.
[----------] 1 test from TokenizerTest
[ RUN      ] TokenizerTest.ParseJsonStringTest
[       OK ] TokenizerTest.ParseJsonStringTest (0 ms)
[----------] 1 test from TokenizerTest (0 ms total)

[----------] Global test environment tear-down
[==========] 1 test from 1 test suite ran. (0 ms total)
[  PASSED  ] 1 test.
<end of output>
Test time =   0.03 sec
----------------------------------------------------------
Test Passed.
"TokenizerTest.ParseJsonStringTest" end time: Mar 16 10:47 EDT
"TokenizerTest.ParseJsonStringTest" time elapsed: 00:00:00
----------------------------------------------------------

11/36 Testing: TokenizerTest.StructuralTokenTest
11/36 Test: TokenizerTest.StructuralTokenTest
Command: "/Users/nr/projects/jerry/build/bin/tokenizer_tests" "--gtest_filter=TokenizerTest.StructuralTokenTest" "--gtest_also_run_disabled_tests"
Directory: /Users/nr/projects/jerry/build
"TokenizerTest.StructuralTokenTest" start time: Mar 16 10:47 EDT
Output:
----------------------------------------------------------
Running main() from /tmp/googletest-20250207-4735-e28tfc/googletest-1.16.0/googletest/src/gtest_main.cc
Note: Google Test filter = TokenizerTest.StructuralTokenTest
[==========] Running 1 test from 1 test suite.
[----------] Global test environment set-up.
[----------] 1 test from TokenizerTest
[ RUN      ] TokenizerTest.StructuralTokenTest
[       OK ] TokenizerTest.StructuralTokenTest (0 ms)
[----------] 1 test from TokenizerTest (0 ms total)

[----------] Global test environment tear-down
[==========] 1 test from 1 test suite ran. (0 ms total)
[  PASSED  ] 1 test.
<end of output>
Test time =   0.03 sec
----------------------------------------------------------
Test Passed.
"TokenizerTest.StructuralTokenTest" end time: Mar 16 10:47 EDT
"TokenizerTest.StructuralTokenTest" time elapsed: 00:00:00
----------------------------------------------------------

12/36 Testing: TokenizerTest.NullTokenTest
12/36 Test: TokenizerTest.NullTokenTest
Command: "/Users/nr/projects/jerry/build/bin/tokenizer_tests" "--gtest_filter=TokenizerTest.NullTokenTest" "--gtest_also_run_disabled_tests"
Directory: /Users/nr/projects/jerry/build
"TokenizerTest.NullTokenTest" start time: Mar 16 10:47 EDT
Output:
----------------------------------------------------------
Running main() from /tmp/googletest-20250207-4735-e28tfc/googletest-1.16.0/googletest/src/gtest_main.cc
Note: Google Test filter = TokenizerTest.NullTokenTest
[==========] Running 1 test from 1 test suite.
[----------] Global test environment set-up.
[----------] 1 test from TokenizerTest
[ RUN      ] TokenizerTest.NullTokenTest
[       OK ] TokenizerTest.NullTokenTest (0 ms)
[----------] 1 test from TokenizerTest (0 ms total)

[----------] Global test environment tear-down
[==========] 1 test from 1 test suite ran. (0 ms total)
[  PASSED  ] 1 test.
<end of output>
Test time =   0.03 sec
----------------------------------------------------------
Test Passed.
"TokenizerTest.NullTokenTest" end time: Mar 16 10:47 EDT
"TokenizerTest.NullTokenTest" time elapsed: 00:00:00
----------------------------------------------------------

13/36 Testing: TokenizerTest.BoolTokenTest
13/36 Test: TokenizerTest.BoolTokenTest
Command: "/Users/nr/projects/jerry/build/bin/tokenizer_tests" "--gtest_filter=TokenizerTest.BoolTokenTest" "--gtest_also_run_disabled_tests"
Directory: /Users/nr/projects/jerry/build
"TokenizerTest.BoolTokenTest" start time: Mar 16 10:47 EDT
Output:
----------------------------------------------------------
Running main() from /tmp/googletest-20250207-4735-e28tfc/googletest-1.16.0/googletest/src/gtest_main.cc
Note: Google Test filter = TokenizerTest.BoolTokenTest
[==========] Running 1 test from 1 test suite.
[----------] Global test environment set-up.
[----------] 1 test from TokenizerTest
[ RUN      ] TokenizerTest.BoolTokenTest
[       OK ] TokenizerTest.BoolTokenTest (0 ms)
[----------] 1 test from TokenizerTest (0 ms total)

[----------] Global test environment tear-down
[==========] 1 test from 1 test suite ran. (0 ms total)
[  PASSED  ] 1 test.
<end of output>
Test time =   0.03 sec
----------------------------------------------------------
Test Passed.
"TokenizerTest.BoolTokenTest" end time: Mar 16 10:47 EDT
"TokenizerTest.BoolTokenTest" time elapsed: 00:00:00
----------------------------------------------------------

14/36 Testing: TokenizerTest.NumberTokenTest
14/36 Test: TokenizerTest.NumberTokenTest
Command: "/Users/nr/projects/jerry/build/bin/tokenizer_tests" "--gtest_filter=TokenizerTest.NumberTokenTest" "--gtest_also_run_disabled_tests"
Directory: /Users/nr/projects/jerry/build
"TokenizerTest.NumberTokenTest" start time: Mar 16 10:47 EDT
Output:
----------------------------------------------------------
Running main() from /tmp/googletest-20250207-4735-e28tfc/googletest-1.16.0/googletest/src/gtest_main.cc
Note: Google Test filter = TokenizerTest.NumberTokenTest
[==========] Running 1 test from 1 test suite.
[----------] Global test environment set-up.
[----------] 1 test from TokenizerTest
[ RUN      ] TokenizerTest.NumberTokenTest
[       OK ] TokenizerTest.NumberTokenTest (0 ms)
[----------] 1 test from TokenizerTest (0 ms total)

[----------] Global test environment tear-down
[==========] 1 test from 1 test suite ran. (0 ms total)
[  PASSED  ] 1 test.
<end of output>
Test time =   0.03 sec
----------------------------------------------------------
Test Passed.
"TokenizerTest.NumberTokenTest" end time: Mar 16 10:47 EDT
"TokenizerTest.NumberTokenTest" time elapsed: 00:00:00
----------------------------------------------------------

15/36 Testing: GetPositionTests/TokenizerStateTest.TokenizerStateInit/("{\"message\": \"hello world\"}", 0, '{' (123, 0x7B))
15/36 Test: GetPositionTests/TokenizerStateTest.TokenizerStateInit/("{\"message\": \"hello world\"}", 0, '{' (123, 0x7B))
Command: "/Users/nr/projects/jerry/build/bin/tokenizer_tests" "--gtest_filter=GetPositionTests/TokenizerStateTest.TokenizerStateInit/0" "--gtest_also_run_disabled_tests"
Directory: /Users/nr/projects/jerry/build
"GetPositionTests/TokenizerStateTest.TokenizerStateInit/("{\"message\": \"hello world\"}", 0, '{' (123, 0x7B))" start time: Mar 16 10:47 EDT
Output:
----------------------------------------------------------
Running main() from /tmp/googletest-20250207-4735-e28tfc/googletest-1.16.0/googletest/src/gtest_main.cc
Note: Google Test filter = GetPositionTests/TokenizerStateTest.TokenizerStateInit/0
[==========] Running 1 test from 1 test suite.
[----------] Global test environment set-up.
[----------] 1 test from GetPositionTests/TokenizerStateTest
[ RUN      ] GetPositionTests/TokenizerStateTest.TokenizerStateInit/0
[       OK ] GetPositionTests/TokenizerStateTest.TokenizerStateInit/0 (0 ms)
[----------] 1 test from GetPositionTests/TokenizerStateTest (0 ms total)

[----------] Global test environment tear-down
[==========] 1 test from 1 test suite ran. (0 ms total)
[  PASSED  ] 1 test.
<end of output>
Test time =   0.03 sec
----------------------------------------------------------
Test Passed.
"GetPositionTests/TokenizerStateTest.TokenizerStateInit/("{\"message\": \"hello world\"}", 0, '{' (123, 0x7B))" end time: Mar 16 10:47 EDT
"GetPositionTests/TokenizerStateTest.TokenizerStateInit/("{\"message\": \"hello world\"}", 0, '{' (123, 0x7B))" time elapsed: 00:00:00
----------------------------------------------------------

16/36 Testing: GetPositionTests/TokenizerStateTest.TokenizerStateInit/("{\"message\": \"hello world\"}", 1, '"' (34, 0x22))
16/36 Test: GetPositionTests/TokenizerStateTest.TokenizerStateInit/("{\"message\": \"hello world\"}", 1, '"' (34, 0x22))
Command: "/Users/nr/projects/jerry/build/bin/tokenizer_tests" "--gtest_filter=GetPositionTests/TokenizerStateTest.TokenizerStateInit/1" "--gtest_also_run_disabled_tests"
Directory: /Users/nr/projects/jerry/build
"GetPositionTests/TokenizerStateTest.TokenizerStateInit/("{\"message\": \"hello world\"}", 1, '"' (34, 0x22))" start time: Mar 16 10:47 EDT
Output:
----------------------------------------------------------
Running main() from /tmp/googletest-20250207-4735-e28tfc/googletest-1.16.0/googletest/src/gtest_main.cc
Note: Google Test filter = GetPositionTests/TokenizerStateTest.TokenizerStateInit/1
[==========] Running 1 test from 1 test suite.
[----------] Global test environment set-up.
[----------] 1 test from GetPositionTests/TokenizerStateTest
[ RUN      ] GetPositionTests/TokenizerStateTest.TokenizerStateInit/1
[       OK ] GetPositionTests/TokenizerStateTest.TokenizerStateInit/1 (0 ms)
[----------] 1 test from GetPositionTests/TokenizerStateTest (0 ms total)

[----------] Global test environment tear-down
[==========] 1 test from 1 test suite ran. (0 ms total)
[  PASSED  ] 1 test.
<end of output>
Test time =   0.03 sec
----------------------------------------------------------
Test Passed.
"GetPositionTests/TokenizerStateTest.TokenizerStateInit/("{\"message\": \"hello world\"}", 1, '"' (34, 0x22))" end time: Mar 16 10:47 EDT
"GetPositionTests/TokenizerStateTest.TokenizerStateInit/("{\"message\": \"hello world\"}", 1, '"' (34, 0x22))" time elapsed: 00:00:00
----------------------------------------------------------

17/36 Testing: GetPositionTests/TokenizerStateTest.TokenizerStateInit/("{\"message\": \"hello world\"}", 2, 'm' (109, 0x6D))
17/36 Test: GetPositionTests/TokenizerStateTest.TokenizerStateInit/("{\"message\": \"hello world\"}", 2, 'm' (109, 0x6D))
Command: "/Users/nr/projects/jerry/build/bin/tokenizer_tests" "--gtest_filter=GetPositionTests/TokenizerStateTest.TokenizerStateInit/2" "--gtest_also_run_disabled_tests"
Directory: /Users/nr/projects/jerry/build
"GetPositionTests/TokenizerStateTest.TokenizerStateInit/("{\"message\": \"hello world\"}", 2, 'm' (109, 0x6D))" start time: Mar 16 10:47 EDT
Output:
----------------------------------------------------------
Running main() from /tmp/googletest-20250207-4735-e28tfc/googletest-1.16.0/googletest/src/gtest_main.cc
Note: Google Test filter = GetPositionTests/TokenizerStateTest.TokenizerStateInit/2
[==========] Running 1 test from 1 test suite.
[----------] Global test environment set-up.
[----------] 1 test from GetPositionTests/TokenizerStateTest
[ RUN      ] GetPositionTests/TokenizerStateTest.TokenizerStateInit/2
[       OK ] GetPositionTests/TokenizerStateTest.TokenizerStateInit/2 (0 ms)
[----------] 1 test from GetPositionTests/TokenizerStateTest (0 ms total)

[----------] Global test environment tear-down
[==========] 1 test from 1 test suite ran. (0 ms total)
[  PASSED  ] 1 test.
<end of output>
Test time =   0.03 sec
----------------------------------------------------------
Test Passed.
"GetPositionTests/TokenizerStateTest.TokenizerStateInit/("{\"message\": \"hello world\"}", 2, 'm' (109, 0x6D))" end time: Mar 16 10:47 EDT
"GetPositionTests/TokenizerStateTest.TokenizerStateInit/("{\"message\": \"hello world\"}", 2, 'm' (109, 0x6D))" time elapsed: 00:00:00
----------------------------------------------------------

18/36 Testing: GetPositionTests/TokenizerStateTest.TokenizerStateInit/("{\"message\": \"hello world\"}", 12, '"' (34, 0x22))
18/36 Test: GetPositionTests/TokenizerStateTest.TokenizerStateInit/("{\"message\": \"hello world\"}", 12, '"' (34, 0x22))
Command: "/Users/nr/projects/jerry/build/bin/tokenizer_tests" "--gtest_filter=GetPositionTests/TokenizerStateTest.TokenizerStateInit/3" "--gtest_also_run_disabled_tests"
Directory: /Users/nr/projects/jerry/build
"GetPositionTests/TokenizerStateTest.TokenizerStateInit/("{\"message\": \"hello world\"}", 12, '"' (34, 0x22))" start time: Mar 16 10:47 EDT
Output:
----------------------------------------------------------
Running main() from /tmp/googletest-20250207-4735-e28tfc/googletest-1.16.0/googletest/src/gtest_main.cc
Note: Google Test filter = GetPositionTests/TokenizerStateTest.TokenizerStateInit/3
[==========] Running 1 test from 1 test suite.
[----------] Global test environment set-up.
[----------] 1 test from GetPositionTests/TokenizerStateTest
[ RUN      ] GetPositionTests/TokenizerStateTest.TokenizerStateInit/3
[       OK ] GetPositionTests/TokenizerStateTest.TokenizerStateInit/3 (0 ms)
[----------] 1 test from GetPositionTests/TokenizerStateTest (0 ms total)

[----------] Global test environment tear-down
[==========] 1 test from 1 test suite ran. (0 ms total)
[  PASSED  ] 1 test.
<end of output>
Test time =   0.03 sec
----------------------------------------------------------
Test Passed.
"GetPositionTests/TokenizerStateTest.TokenizerStateInit/("{\"message\": \"hello world\"}", 12, '"' (34, 0x22))" end time: Mar 16 10:47 EDT
"GetPositionTests/TokenizerStateTest.TokenizerStateInit/("{\"message\": \"hello world\"}", 12, '"' (34, 0x22))" time elapsed: 00:00:00
----------------------------------------------------------

19/36 Testing: GetPositionTests/TokenizerStateTest.TokenizerStateInit/("{\"message\": \"hello world\"}", 25, '}' (125, 0x7D))
19/36 Test: GetPositionTests/TokenizerStateTest.TokenizerStateInit/("{\"message\": \"hello world\"}", 25, '}' (125, 0x7D))
Command: "/Users/nr/projects/jerry/build/bin/tokenizer_tests" "--gtest_filter=GetPositionTests/TokenizerStateTest.TokenizerStateInit/4" "--gtest_also_run_disabled_tests"
Directory: /Users/nr/projects/jerry/build
"GetPositionTests/TokenizerStateTest.TokenizerStateInit/("{\"message\": \"hello world\"}", 25, '}' (125, 0x7D))" start time: Mar 16 10:47 EDT
Output:
----------------------------------------------------------
Running main() from /tmp/googletest-20250207-4735-e28tfc/googletest-1.16.0/googletest/src/gtest_main.cc
Note: Google Test filter = GetPositionTests/TokenizerStateTest.TokenizerStateInit/4
[==========] Running 1 test from 1 test suite.
[----------] Global test environment set-up.
[----------] 1 test from GetPositionTests/TokenizerStateTest
[ RUN      ] GetPositionTests/TokenizerStateTest.TokenizerStateInit/4
[       OK ] GetPositionTests/TokenizerStateTest.TokenizerStateInit/4 (0 ms)
[----------] 1 test from GetPositionTests/TokenizerStateTest (0 ms total)

[----------] Global test environment tear-down
[==========] 1 test from 1 test suite ran. (0 ms total)
[  PASSED  ] 1 test.
<end of output>
Test time =   0.03 sec
----------------------------------------------------------
Test Passed.
"GetPositionTests/TokenizerStateTest.TokenizerStateInit/("{\"message\": \"hello world\"}", 25, '}' (125, 0x7D))" end time: Mar 16 10:47 EDT
"GetPositionTests/TokenizerStateTest.TokenizerStateInit/("{\"message\": \"hello world\"}", 25, '}' (125, 0x7D))" time elapsed: 00:00:00
----------------------------------------------------------

20/36 Testing: GetPositionTests/TokenizerStateTest.TokenizerStateAdvanceTest/("{\"message\": \"hello world\"}", 0, '{' (123, 0x7B))
20/36 Test: GetPositionTests/TokenizerStateTest.TokenizerStateAdvanceTest/("{\"message\": \"hello world\"}", 0, '{' (123, 0x7B))
Command: "/Users/nr/projects/jerry/build/bin/tokenizer_tests" "--gtest_filter=GetPositionTests/TokenizerStateTest.TokenizerStateAdvanceTest/0" "--gtest_also_run_disabled_tests"
Directory: /Users/nr/projects/jerry/build
"GetPositionTests/TokenizerStateTest.TokenizerStateAdvanceTest/("{\"message\": \"hello world\"}", 0, '{' (123, 0x7B))" start time: Mar 16 10:47 EDT
Output:
----------------------------------------------------------
Running main() from /tmp/googletest-20250207-4735-e28tfc/googletest-1.16.0/googletest/src/gtest_main.cc
Note: Google Test filter = GetPositionTests/TokenizerStateTest.TokenizerStateAdvanceTest/0
[==========] Running 1 test from 1 test suite.
[----------] Global test environment set-up.
[----------] 1 test from GetPositionTests/TokenizerStateTest
[ RUN      ] GetPositionTests/TokenizerStateTest.TokenizerStateAdvanceTest/0
[       OK ] GetPositionTests/TokenizerStateTest.TokenizerStateAdvanceTest/0 (0 ms)
[----------] 1 test from GetPositionTests/TokenizerStateTest (0 ms total)

[----------] Global test environment tear-down
[==========] 1 test from 1 test suite ran. (0 ms total)
[  PASSED  ] 1 test.
<end of output>
Test time =   0.03 sec
----------------------------------------------------------
Test Passed.
"GetPositionTests/TokenizerStateTest.TokenizerStateAdvanceTest/("{\"message\": \"hello world\"}", 0, '{' (123, 0x7B))" end time: Mar 16 10:47 EDT
"GetPositionTests/TokenizerStateTest.TokenizerStateAdvanceTest/("{\"message\": \"hello world\"}", 0, '{' (123, 0x7B))" time elapsed: 00:00:00
----------------------------------------------------------

21/36 Testing: GetPositionTests/TokenizerStateTest.TokenizerStateAdvanceTest/("{\"message\": \"hello world\"}", 1, '"' (34, 0x22))
21/36 Test: GetPositionTests/TokenizerStateTest.TokenizerStateAdvanceTest/("{\"message\": \"hello world\"}", 1, '"' (34, 0x22))
Command: "/Users/nr/projects/jerry/build/bin/tokenizer_tests" "--gtest_filter=GetPositionTests/TokenizerStateTest.TokenizerStateAdvanceTest/1" "--gtest_also_run_disabled_tests"
Directory: /Users/nr/projects/jerry/build
"GetPositionTests/TokenizerStateTest.TokenizerStateAdvanceTest/("{\"message\": \"hello world\"}", 1, '"' (34, 0x22))" start time: Mar 16 10:47 EDT
Output:
----------------------------------------------------------
Running main() from /tmp/googletest-20250207-4735-e28tfc/googletest-1.16.0/googletest/src/gtest_main.cc
Note: Google Test filter = GetPositionTests/TokenizerStateTest.TokenizerStateAdvanceTest/1
[==========] Running 1 test from 1 test suite.
[----------] Global test environment set-up.
[----------] 1 test from GetPositionTests/TokenizerStateTest
[ RUN      ] GetPositionTests/TokenizerStateTest.TokenizerStateAdvanceTest/1
[       OK ] GetPositionTests/TokenizerStateTest.TokenizerStateAdvanceTest/1 (0 ms)
[----------] 1 test from GetPositionTests/TokenizerStateTest (0 ms total)

[----------] Global test environment tear-down
[==========] 1 test from 1 test suite ran. (0 ms total)
[  PASSED  ] 1 test.
<end of output>
Test time =   0.03 sec
----------------------------------------------------------
Test Passed.
"GetPositionTests/TokenizerStateTest.TokenizerStateAdvanceTest/("{\"message\": \"hello world\"}", 1, '"' (34, 0x22))" end time: Mar 16 10:47 EDT
"GetPositionTests/TokenizerStateTest.TokenizerStateAdvanceTest/("{\"message\": \"hello world\"}", 1, '"' (34, 0x22))" time elapsed: 00:00:00
----------------------------------------------------------

22/36 Testing: GetPositionTests/TokenizerStateTest.TokenizerStateAdvanceTest/("{\"message\": \"hello world\"}", 2, 'm' (109, 0x6D))
22/36 Test: GetPositionTests/TokenizerStateTest.TokenizerStateAdvanceTest/("{\"message\": \"hello world\"}", 2, 'm' (109, 0x6D))
Command: "/Users/nr/projects/jerry/build/bin/tokenizer_tests" "--gtest_filter=GetPositionTests/TokenizerStateTest.TokenizerStateAdvanceTest/2" "--gtest_also_run_disabled_tests"
Directory: /Users/nr/projects/jerry/build
"GetPositionTests/TokenizerStateTest.TokenizerStateAdvanceTest/("{\"message\": \"hello world\"}", 2, 'm' (109, 0x6D))" start time: Mar 16 10:47 EDT
Output:
----------------------------------------------------------
Running main() from /tmp/googletest-20250207-4735-e28tfc/googletest-1.16.0/googletest/src/gtest_main.cc
Note: Google Test filter = GetPositionTests/TokenizerStateTest.TokenizerStateAdvanceTest/2
[==========] Running 1 test from 1 test suite.
[----------] Global test environment set-up.
[----------] 1 test from GetPositionTests/TokenizerStateTest
[ RUN      ] GetPositionTests/TokenizerStateTest.TokenizerStateAdvanceTest/2
[       OK ] GetPositionTests/TokenizerStateTest.TokenizerStateAdvanceTest/2 (0 ms)
[----------] 1 test from GetPositionTests/TokenizerStateTest (0 ms total)

[----------] Global test environment tear-down
[==========] 1 test from 1 test suite ran. (0 ms total)
[  PASSED  ] 1 test.
<end of output>
Test time =   0.03 sec
----------------------------------------------------------
Test Passed.
"GetPositionTests/TokenizerStateTest.TokenizerStateAdvanceTest/("{\"message\": \"hello world\"}", 2, 'm' (109, 0x6D))" end time: Mar 16 10:47 EDT
"GetPositionTests/TokenizerStateTest.TokenizerStateAdvanceTest/("{\"message\": \"hello world\"}", 2, 'm' (109, 0x6D))" time elapsed: 00:00:00
----------------------------------------------------------

23/36 Testing: GetPositionTests/TokenizerStateTest.TokenizerStateAdvanceTest/("{\"message\": \"hello world\"}", 12, '"' (34, 0x22))
23/36 Test: GetPositionTests/TokenizerStateTest.TokenizerStateAdvanceTest/("{\"message\": \"hello world\"}", 12, '"' (34, 0x22))
Command: "/Users/nr/projects/jerry/build/bin/tokenizer_tests" "--gtest_filter=GetPositionTests/TokenizerStateTest.TokenizerStateAdvanceTest/3" "--gtest_also_run_disabled_tests"
Directory: /Users/nr/projects/jerry/build
"GetPositionTests/TokenizerStateTest.TokenizerStateAdvanceTest/("{\"message\": \"hello world\"}", 12, '"' (34, 0x22))" start time: Mar 16 10:47 EDT
Output:
----------------------------------------------------------
Running main() from /tmp/googletest-20250207-4735-e28tfc/googletest-1.16.0/googletest/src/gtest_main.cc
Note: Google Test filter = GetPositionTests/TokenizerStateTest.TokenizerStateAdvanceTest/3
[==========] Running 1 test from 1 test suite.
[----------] Global test environment set-up.
[----------] 1 test from GetPositionTests/TokenizerStateTest
[ RUN      ] GetPositionTests/TokenizerStateTest.TokenizerStateAdvanceTest/3
[       OK ] GetPositionTests/TokenizerStateTest.TokenizerStateAdvanceTest/3 (0 ms)
[----------] 1 test from GetPositionTests/TokenizerStateTest (0 ms total)

[----------] Global test environment tear-down
[==========] 1 test from 1 test suite ran. (0 ms total)
[  PASSED  ] 1 test.
<end of output>
Test time =   0.03 sec
----------------------------------------------------------
Test Passed.
"GetPositionTests/TokenizerStateTest.TokenizerStateAdvanceTest/("{\"message\": \"hello world\"}", 12, '"' (34, 0x22))" end time: Mar 16 10:47 EDT
"GetPositionTests/TokenizerStateTest.TokenizerStateAdvanceTest/("{\"message\": \"hello world\"}", 12, '"' (34, 0x22))" time elapsed: 00:00:00
----------------------------------------------------------

24/36 Testing: GetPositionTests/TokenizerStateTest.TokenizerStateAdvanceTest/("{\"message\": \"hello world\"}", 25, '}' (125, 0x7D))
24/36 Test: GetPositionTests/TokenizerStateTest.TokenizerStateAdvanceTest/("{\"message\": \"hello world\"}", 25, '}' (125, 0x7D))
Command: "/Users/nr/projects/jerry/build/bin/tokenizer_tests" "--gtest_filter=GetPositionTests/TokenizerStateTest.TokenizerStateAdvanceTest/4" "--gtest_also_run_disabled_tests"
Directory: /Users/nr/projects/jerry/build
"GetPositionTests/TokenizerStateTest.TokenizerStateAdvanceTest/("{\"message\": \"hello world\"}", 25, '}' (125, 0x7D))" start time: Mar 16 10:47 EDT
Output:
----------------------------------------------------------
Running main() from /tmp/googletest-20250207-4735-e28tfc/googletest-1.16.0/googletest/src/gtest_main.cc
Note: Google Test filter = GetPositionTests/TokenizerStateTest.TokenizerStateAdvanceTest/4
[==========] Running 1 test from 1 test suite.
[----------] Global test environment set-up.
[----------] 1 test from GetPositionTests/TokenizerStateTest
[ RUN      ] GetPositionTests/TokenizerStateTest.TokenizerStateAdvanceTest/4
[       OK ] GetPositionTests/TokenizerStateTest.TokenizerStateAdvanceTest/4 (0 ms)
[----------] 1 test from GetPositionTests/TokenizerStateTest (0 ms total)

[----------] Global test environment tear-down
[==========] 1 test from 1 test suite ran. (0 ms total)
[  PASSED  ] 1 test.
<end of output>
Test time =   0.03 sec
----------------------------------------------------------
Test Passed.
"GetPositionTests/TokenizerStateTest.TokenizerStateAdvanceTest/("{\"message\": \"hello world\"}", 25, '}' (125, 0x7D))" end time: Mar 16 10:47 EDT
"GetPositionTests/TokenizerStateTest.TokenizerStateAdvanceTest/("{\"message\": \"hello world\"}", 25, '}' (125, 0x7D))" time elapsed: 00:00:00
----------------------------------------------------------

25/36 Testing: AdvancePositionsTest/TokenizerStateTest.TokenizerStateInit/("{\"message\": \"hello world\"}", 0, '{' (123, 0x7B))
25/36 Test: AdvancePositionsTest/TokenizerStateTest.TokenizerStateInit/("{\"message\": \"hello world\"}", 0, '{' (123, 0x7B))
Command: "/Users/nr/projects/jerry/build/bin/tokenizer_tests" "--gtest_filter=AdvancePositionsTest/TokenizerStateTest.TokenizerStateInit/0" "--gtest_also_run_disabled_tests"
Directory: /Users/nr/projects/jerry/build
"AdvancePositionsTest/TokenizerStateTest.TokenizerStateInit/("{\"message\": \"hello world\"}", 0, '{' (123, 0x7B))" start time: Mar 16 10:47 EDT
Output:
----------------------------------------------------------
Running main() from /tmp/googletest-20250207-4735-e28tfc/googletest-1.16.0/googletest/src/gtest_main.cc
Note: Google Test filter = AdvancePositionsTest/TokenizerStateTest.TokenizerStateInit/0
[==========] Running 1 test from 1 test suite.
[----------] Global test environment set-up.
[----------] 1 test from AdvancePositionsTest/TokenizerStateTest
[ RUN      ] AdvancePositionsTest/TokenizerStateTest.TokenizerStateInit/0
[       OK ] AdvancePositionsTest/TokenizerStateTest.TokenizerStateInit/0 (0 ms)
[----------] 1 test from AdvancePositionsTest/TokenizerStateTest (0 ms total)

[----------] Global test environment tear-down
[==========] 1 test from 1 test suite ran. (0 ms total)
[  PASSED  ] 1 test.
<end of output>
Test time =   0.03 sec
----------------------------------------------------------
Test Passed.
"AdvancePositionsTest/TokenizerStateTest.TokenizerStateInit/("{\"message\": \"hello world\"}", 0, '{' (123, 0x7B))" end time: Mar 16 10:47 EDT
"AdvancePositionsTest/TokenizerStateTest.TokenizerStateInit/("{\"message\": \"hello world\"}", 0, '{' (123, 0x7B))" time elapsed: 00:00:00
----------------------------------------------------------

26/36 Testing: AdvancePositionsTest/TokenizerStateTest.TokenizerStateInit/("{\"message\": \"hello world\"}", 1, '"' (34, 0x22))
26/36 Test: AdvancePositionsTest/TokenizerStateTest.TokenizerStateInit/("{\"message\": \"hello world\"}", 1, '"' (34, 0x22))
Command: "/Users/nr/projects/jerry/build/bin/tokenizer_tests" "--gtest_filter=AdvancePositionsTest/TokenizerStateTest.TokenizerStateInit/1" "--gtest_also_run_disabled_tests"
Directory: /Users/nr/projects/jerry/build
"AdvancePositionsTest/TokenizerStateTest.TokenizerStateInit/("{\"message\": \"hello world\"}", 1, '"' (34, 0x22))" start time: Mar 16 10:47 EDT
Output:
----------------------------------------------------------
Running main() from /tmp/googletest-20250207-4735-e28tfc/googletest-1.16.0/googletest/src/gtest_main.cc
Note: Google Test filter = AdvancePositionsTest/TokenizerStateTest.TokenizerStateInit/1
[==========] Running 1 test from 1 test suite.
[----------] Global test environment set-up.
[----------] 1 test from AdvancePositionsTest/TokenizerStateTest
[ RUN      ] AdvancePositionsTest/TokenizerStateTest.TokenizerStateInit/1
[       OK ] AdvancePositionsTest/TokenizerStateTest.TokenizerStateInit/1 (0 ms)
[----------] 1 test from AdvancePositionsTest/TokenizerStateTest (0 ms total)

[----------] Global test environment tear-down
[==========] 1 test from 1 test suite ran. (0 ms total)
[  PASSED  ] 1 test.
<end of output>
Test time =   0.03 sec
----------------------------------------------------------
Test Passed.
"AdvancePositionsTest/TokenizerStateTest.TokenizerStateInit/("{\"message\": \"hello world\"}", 1, '"' (34, 0x22))" end time: Mar 16 10:47 EDT
"AdvancePositionsTest/TokenizerStateTest.TokenizerStateInit/("{\"message\": \"hello world\"}", 1, '"' (34, 0x22))" time elapsed: 00:00:00
----------------------------------------------------------

27/36 Testing: AdvancePositionsTest/TokenizerStateTest.TokenizerStateInit/("{\"message\": \"hello world\"}", 2, 'm' (109, 0x6D))
27/36 Test: AdvancePositionsTest/TokenizerStateTest.TokenizerStateInit/("{\"message\": \"hello world\"}", 2, 'm' (109, 0x6D))
Command: "/Users/nr/projects/jerry/build/bin/tokenizer_tests" "--gtest_filter=AdvancePositionsTest/TokenizerStateTest.TokenizerStateInit/2" "--gtest_also_run_disabled_tests"
Directory: /Users/nr/projects/jerry/build
"AdvancePositionsTest/TokenizerStateTest.TokenizerStateInit/("{\"message\": \"hello world\"}", 2, 'm' (109, 0x6D))" start time: Mar 16 10:47 EDT
Output:
----------------------------------------------------------
Running main() from /tmp/googletest-20250207-4735-e28tfc/googletest-1.16.0/googletest/src/gtest_main.cc
Note: Google Test filter = AdvancePositionsTest/TokenizerStateTest.TokenizerStateInit/2
[==========] Running 1 test from 1 test suite.
[----------] Global test environment set-up.
[----------] 1 test from AdvancePositionsTest/TokenizerStateTest
[ RUN      ] AdvancePositionsTest/TokenizerStateTest.TokenizerStateInit/2
[       OK ] AdvancePositionsTest/TokenizerStateTest.TokenizerStateInit/2 (0 ms)
[----------] 1 test from AdvancePositionsTest/TokenizerStateTest (0 ms total)

[----------] Global test environment tear-down
[==========] 1 test from 1 test suite ran. (0 ms total)
[  PASSED  ] 1 test.
<end of output>
Test time =   0.03 sec
----------------------------------------------------------
Test Passed.
"AdvancePositionsTest/TokenizerStateTest.TokenizerStateInit/("{\"message\": \"hello world\"}", 2, 'm' (109, 0x6D))" end time: Mar 16 10:47 EDT
"AdvancePositionsTest/TokenizerStateTest.TokenizerStateInit/("{\"message\": \"hello world\"}", 2, 'm' (109, 0x6D))" time elapsed: 00:00:00
----------------------------------------------------------

28/36 Testing: AdvancePositionsTest/TokenizerStateTest.TokenizerStateInit/("{\"message\": \"hello world\"}", 12, '"' (34, 0x22))
28/36 Test: AdvancePositionsTest/TokenizerStateTest.TokenizerStateInit/("{\"message\": \"hello world\"}", 12, '"' (34, 0x22))
Command: "/Users/nr/projects/jerry/build/bin/tokenizer_tests" "--gtest_filter=AdvancePositionsTest/TokenizerStateTest.TokenizerStateInit/3" "--gtest_also_run_disabled_tests"
Directory: /Users/nr/projects/jerry/build
"AdvancePositionsTest/TokenizerStateTest.TokenizerStateInit/("{\"message\": \"hello world\"}", 12, '"' (34, 0x22))" start time: Mar 16 10:47 EDT
Output:
----------------------------------------------------------
Running main() from /tmp/googletest-20250207-4735-e28tfc/googletest-1.16.0/googletest/src/gtest_main.cc
Note: Google Test filter = AdvancePositionsTest/TokenizerStateTest.TokenizerStateInit/3
[==========] Running 1 test from 1 test suite.
[----------] Global test environment set-up.
[----------] 1 test from AdvancePositionsTest/TokenizerStateTest
[ RUN      ] AdvancePositionsTest/TokenizerStateTest.TokenizerStateInit/3
[       OK ] AdvancePositionsTest/TokenizerStateTest.TokenizerStateInit/3 (0 ms)
[----------] 1 test from AdvancePositionsTest/TokenizerStateTest (0 ms total)

[----------] Global test environment tear-down
[==========] 1 test from 1 test suite ran. (0 ms total)
[  PASSED  ] 1 test.
<end of output>
Test time =   0.03 sec
----------------------------------------------------------
Test Passed.
"AdvancePositionsTest/TokenizerStateTest.TokenizerStateInit/("{\"message\": \"hello world\"}", 12, '"' (34, 0x22))" end time: Mar 16 10:47 EDT
"AdvancePositionsTest/TokenizerStateTest.TokenizerStateInit/("{\"message\": \"hello world\"}", 12, '"' (34, 0x22))" time elapsed: 00:00:00
----------------------------------------------------------

29/36 Testing: AdvancePositionsTest/TokenizerStateTest.TokenizerStateInit/("{\"message\": \"hello world\"}", 25, '}' (125, 0x7D))
29/36 Test: AdvancePositionsTest/TokenizerStateTest.TokenizerStateInit/("{\"message\": \"hello world\"}", 25, '}' (125, 0x7D))
Command: "/Users/nr/projects/jerry/build/bin/tokenizer_tests" "--gtest_filter=AdvancePositionsTest/TokenizerStateTest.TokenizerStateInit/4" "--gtest_also_run_disabled_tests"
Directory: /Users/nr/projects/jerry/build
"AdvancePositionsTest/TokenizerStateTest.TokenizerStateInit/("{\"message\": \"hello world\"}", 25, '}' (125, 0x7D))" start time: Mar 16 10:47 EDT
Output:
----------------------------------------------------------
Running main() from /tmp/googletest-20250207-4735-e28tfc/googletest-1.16.0/googletest/src/gtest_main.cc
Note: Google Test filter = AdvancePositionsTest/TokenizerStateTest.TokenizerStateInit/4
[==========] Running 1 test from 1 test suite.
[----------] Global test environment set-up.
[----------] 1 test from AdvancePositionsTest/TokenizerStateTest
[ RUN      ] AdvancePositionsTest/TokenizerStateTest.TokenizerStateInit/4
[       OK ] AdvancePositionsTest/TokenizerStateTest.TokenizerStateInit/4 (0 ms)
[----------] 1 test from AdvancePositionsTest/TokenizerStateTest (0 ms total)

[----------] Global test environment tear-down
[==========] 1 test from 1 test suite ran. (0 ms total)
[  PASSED  ] 1 test.
<end of output>
Test time =   0.03 sec
----------------------------------------------------------
Test Passed.
"AdvancePositionsTest/TokenizerStateTest.TokenizerStateInit/("{\"message\": \"hello world\"}", 25, '}' (125, 0x7D))" end time: Mar 16 10:47 EDT
"AdvancePositionsTest/TokenizerStateTest.TokenizerStateInit/("{\"message\": \"hello world\"}", 25, '}' (125, 0x7D))" time elapsed: 00:00:00
----------------------------------------------------------

30/36 Testing: AdvancePositionsTest/TokenizerStateTest.TokenizerStateAdvanceTest/("{\"message\": \"hello world\"}", 0, '{' (123, 0x7B))
30/36 Test: AdvancePositionsTest/TokenizerStateTest.TokenizerStateAdvanceTest/("{\"message\": \"hello world\"}", 0, '{' (123, 0x7B))
Command: "/Users/nr/projects/jerry/build/bin/tokenizer_tests" "--gtest_filter=AdvancePositionsTest/TokenizerStateTest.TokenizerStateAdvanceTest/0" "--gtest_also_run_disabled_tests"
Directory: /Users/nr/projects/jerry/build
"AdvancePositionsTest/TokenizerStateTest.TokenizerStateAdvanceTest/("{\"message\": \"hello world\"}", 0, '{' (123, 0x7B))" start time: Mar 16 10:47 EDT
Output:
----------------------------------------------------------
Running main() from /tmp/googletest-20250207-4735-e28tfc/googletest-1.16.0/googletest/src/gtest_main.cc
Note: Google Test filter = AdvancePositionsTest/TokenizerStateTest.TokenizerStateAdvanceTest/0
[==========] Running 1 test from 1 test suite.
[----------] Global test environment set-up.
[----------] 1 test from AdvancePositionsTest/TokenizerStateTest
[ RUN      ] AdvancePositionsTest/TokenizerStateTest.TokenizerStateAdvanceTest/0
[       OK ] AdvancePositionsTest/TokenizerStateTest.TokenizerStateAdvanceTest/0 (0 ms)
[----------] 1 test from AdvancePositionsTest/TokenizerStateTest (0 ms total)

[----------] Global test environment tear-down
[==========] 1 test from 1 test suite ran. (0 ms total)
[  PASSED  ] 1 test.
<end of output>
Test time =   0.03 sec
----------------------------------------------------------
Test Passed.
"AdvancePositionsTest/TokenizerStateTest.TokenizerStateAdvanceTest/("{\"message\": \"hello world\"}", 0, '{' (123, 0x7B))" end time: Mar 16 10:47 EDT
"AdvancePositionsTest/TokenizerStateTest.TokenizerStateAdvanceTest/("{\"message\": \"hello world\"}", 0, '{' (123, 0x7B))" time elapsed: 00:00:00
----------------------------------------------------------

31/36 Testing: AdvancePositionsTest/TokenizerStateTest.TokenizerStateAdvanceTest/("{\"message\": \"hello world\"}", 1, '"' (34, 0x22))
31/36 Test: AdvancePositionsTest/TokenizerStateTest.TokenizerStateAdvanceTest/("{\"message\": \"hello world\"}", 1, '"' (34, 0x22))
Command: "/Users/nr/projects/jerry/build/bin/tokenizer_tests" "--gtest_filter=AdvancePositionsTest/TokenizerStateTest.TokenizerStateAdvanceTest/1" "--gtest_also_run_disabled_tests"
Directory: /Users/nr/projects/jerry/build
"AdvancePositionsTest/TokenizerStateTest.TokenizerStateAdvanceTest/("{\"message\": \"hello world\"}", 1, '"' (34, 0x22))" start time: Mar 16 10:47 EDT
Output:
----------------------------------------------------------
Running main() from /tmp/googletest-20250207-4735-e28tfc/googletest-1.16.0/googletest/src/gtest_main.cc
Note: Google Test filter = AdvancePositionsTest/TokenizerStateTest.TokenizerStateAdvanceTest/1
[==========] Running 1 test from 1 test suite.
[----------] Global test environment set-up.
[----------] 1 test from AdvancePositionsTest/TokenizerStateTest
[ RUN      ] AdvancePositionsTest/TokenizerStateTest.TokenizerStateAdvanceTest/1
[       OK ] AdvancePositionsTest/TokenizerStateTest.TokenizerStateAdvanceTest/1 (0 ms)
[----------] 1 test from AdvancePositionsTest/TokenizerStateTest (0 ms total)

[----------] Global test environment tear-down
[==========] 1 test from 1 test suite ran. (0 ms total)
[  PASSED  ] 1 test.
<end of output>
Test time =   0.03 sec
----------------------------------------------------------
Test Passed.
"AdvancePositionsTest/TokenizerStateTest.TokenizerStateAdvanceTest/("{\"message\": \"hello world\"}", 1, '"' (34, 0x22))" end time: Mar 16 10:47 EDT
"AdvancePositionsTest/TokenizerStateTest.TokenizerStateAdvanceTest/("{\"message\": \"hello world\"}", 1, '"' (34, 0x22))" time elapsed: 00:00:00
----------------------------------------------------------

32/36 Testing: AdvancePositionsTest/TokenizerStateTest.TokenizerStateAdvanceTest/("{\"message\": \"hello world\"}", 2, 'm' (109, 0x6D))
32/36 Test: AdvancePositionsTest/TokenizerStateTest.TokenizerStateAdvanceTest/("{\"message\": \"hello world\"}", 2, 'm' (109, 0x6D))
Command: "/Users/nr/projects/jerry/build/bin/tokenizer_tests" "--gtest_filter=AdvancePositionsTest/TokenizerStateTest.TokenizerStateAdvanceTest/2" "--gtest_also_run_disabled_tests"
Directory: /Users/nr/projects/jerry/build
"AdvancePositionsTest/TokenizerStateTest.TokenizerStateAdvanceTest/("{\"message\": \"hello world\"}", 2, 'm' (109, 0x6D))" start time: Mar 16 10:47 EDT
Output:
----------------------------------------------------------
Running main() from /tmp/googletest-20250207-4735-e28tfc/googletest-1.16.0/googletest/src/gtest_main.cc
Note: Google Test filter = AdvancePositionsTest/TokenizerStateTest.TokenizerStateAdvanceTest/2
[==========] Running 1 test from 1 test suite.
[----------] Global test environment set-up.
[----------] 1 test from AdvancePositionsTest/TokenizerStateTest
[ RUN      ] AdvancePositionsTest/TokenizerStateTest.TokenizerStateAdvanceTest/2
[       OK ] AdvancePositionsTest/TokenizerStateTest.TokenizerStateAdvanceTest/2 (0 ms)
[----------] 1 test from AdvancePositionsTest/TokenizerStateTest (0 ms total)

[----------] Global test environment tear-down
[==========] 1 test from 1 test suite ran. (0 ms total)
[  PASSED  ] 1 test.
<end of output>
Test time =   0.03 sec
----------------------------------------------------------
Test Passed.
"AdvancePositionsTest/TokenizerStateTest.TokenizerStateAdvanceTest/("{\"message\": \"hello world\"}", 2, 'm' (109, 0x6D))" end time: Mar 16 10:47 EDT
"AdvancePositionsTest/TokenizerStateTest.TokenizerStateAdvanceTest/("{\"message\": \"hello world\"}", 2, 'm' (109, 0x6D))" time elapsed: 00:00:00
----------------------------------------------------------

33/36 Testing: AdvancePositionsTest/TokenizerStateTest.TokenizerStateAdvanceTest/("{\"message\": \"hello world\"}", 12, '"' (34, 0x22))
33/36 Test: AdvancePositionsTest/TokenizerStateTest.TokenizerStateAdvanceTest/("{\"message\": \"hello world\"}", 12, '"' (34, 0x22))
Command: "/Users/nr/projects/jerry/build/bin/tokenizer_tests" "--gtest_filter=AdvancePositionsTest/TokenizerStateTest.TokenizerStateAdvanceTest/3" "--gtest_also_run_disabled_tests"
Directory: /Users/nr/projects/jerry/build
"AdvancePositionsTest/TokenizerStateTest.TokenizerStateAdvanceTest/("{\"message\": \"hello world\"}", 12, '"' (34, 0x22))" start time: Mar 16 10:47 EDT
Output:
----------------------------------------------------------
Running main() from /tmp/googletest-20250207-4735-e28tfc/googletest-1.16.0/googletest/src/gtest_main.cc
Note: Google Test filter = AdvancePositionsTest/TokenizerStateTest.TokenizerStateAdvanceTest/3
[==========] Running 1 test from 1 test suite.
[----------] Global test environment set-up.
[----------] 1 test from AdvancePositionsTest/TokenizerStateTest
[ RUN      ] AdvancePositionsTest/TokenizerStateTest.TokenizerStateAdvanceTest/3
[       OK ] AdvancePositionsTest/TokenizerStateTest.TokenizerStateAdvanceTest/3 (0 ms)
[----------] 1 test from AdvancePositionsTest/TokenizerStateTest (0 ms total)

[----------] Global test environment tear-down
[==========] 1 test from 1 test suite ran. (0 ms total)
[  PASSED  ] 1 test.
<end of output>
Test time =   0.03 sec
----------------------------------------------------------
Test Passed.
"AdvancePositionsTest/TokenizerStateTest.TokenizerStateAdvanceTest/("{\"message\": \"hello world\"}", 12, '"' (34, 0x22))" end time: Mar 16 10:47 EDT
"AdvancePositionsTest/TokenizerStateTest.TokenizerStateAdvanceTest/("{\"message\": \"hello world\"}", 12, '"' (34, 0x22))" time elapsed: 00:00:00
----------------------------------------------------------

34/36 Testing: AdvancePositionsTest/TokenizerStateTest.TokenizerStateAdvanceTest/("{\"message\": \"hello world\"}", 25, '}' (125, 0x7D))
34/36 Test: AdvancePositionsTest/TokenizerStateTest.TokenizerStateAdvanceTest/("{\"message\": \"hello world\"}", 25, '}' (125, 0x7D))
Command: "/Users/nr/projects/jerry/build/bin/tokenizer_tests" "--gtest_filter=AdvancePositionsTest/TokenizerStateTest.TokenizerStateAdvanceTest/4" "--gtest_also_run_disabled_tests"
Directory: /Users/nr/projects/jerry/build
"AdvancePositionsTest/TokenizerStateTest.TokenizerStateAdvanceTest/("{\"message\": \"hello world\"}", 25, '}' (125, 0x7D))" start time: Mar 16 10:47 EDT
Output:
----------------------------------------------------------
Running main() from /tmp/googletest-20250207-4735-e28tfc/googletest-1.16.0/googletest/src/gtest_main.cc
Note: Google Test filter = AdvancePositionsTest/TokenizerStateTest.TokenizerStateAdvanceTest/4
[==========] Running 1 test from 1 test suite.
[----------] Global test environment set-up.
[----------] 1 test from AdvancePositionsTest/TokenizerStateTest
[ RUN      ] AdvancePositionsTest/TokenizerStateTest.TokenizerStateAdvanceTest/4
[       OK ] AdvancePositionsTest/TokenizerStateTest.TokenizerStateAdvanceTest/4 (0 ms)
[----------] 1 test from AdvancePositionsTest/TokenizerStateTest (0 ms total)

[----------] Global test environment tear-down
[==========] 1 test from 1 test suite ran. (0 ms total)
[  PASSED  ] 1 test.
<end of output>
Test time =   0.03 sec
----------------------------------------------------------
Test Passed.
"AdvancePositionsTest/TokenizerStateTest.TokenizerStateAdvanceTest/("{\"message\": \"hello world\"}", 25, '}' (125, 0x7D))" end time: Mar 16 10:47 EDT
"AdvancePositionsTest/TokenizerStateTest.TokenizerStateAdvanceTest/("{\"message\": \"hello world\"}", 25, '}' (125, 0x7D))" time elapsed: 00:00:00
----------------------------------------------------------

35/36 Testing: JsonNumberTests/JsonNumberTest.NumberTest/("320", Number(320))
35/36 Test: JsonNumberTests/JsonNumberTest.NumberTest/("320", Number(320))
Command: "/Users/nr/projects/jerry/build/bin/tokenizer_tests" "--gtest_filter=JsonNumberTests/JsonNumberTest.NumberTest/0" "--gtest_also_run_disabled_tests"
Directory: /Users/nr/projects/jerry/build
"JsonNumberTests/JsonNumberTest.NumberTest/("320", Number(320))" start time: Mar 16 10:47 EDT
Output:
----------------------------------------------------------
Running main() from /tmp/googletest-20250207-4735-e28tfc/googletest-1.16.0/googletest/src/gtest_main.cc
Note: Google Test filter = JsonNumberTests/JsonNumberTest.NumberTest/0
[==========] Running 1 test from 1 test suite.
[----------] Global test environment set-up.
[----------] 1 test from JsonNumberTests/JsonNumberTest
[ RUN      ] JsonNumberTests/JsonNumberTest.NumberTest/0
[       OK ] JsonNumberTests/JsonNumberTest.NumberTest/0 (0 ms)
[----------] 1 test from JsonNumberTests/JsonNumberTest (0 ms total)

[----------] Global test environment tear-down
[==========] 1 test from 1 test suite ran. (0 ms total)
[  PASSED  ] 1 test.
<end of output>
Test time =   0.03 sec
----------------------------------------------------------
Test Passed.
"JsonNumberTests/JsonNumberTest.NumberTest/("320", Number(320))" end time: Mar 16 10:47 EDT
"JsonNumberTests/JsonNumberTest.NumberTest/("320", Number(320))" time elapsed: 00:00:00
----------------------------------------------------------

36/36 Testing: JsonNumberTests/JsonNumberTest.NumberTest/("445.56", Number(445.56))
36/36 Test: JsonNumberTests/JsonNumberTest.NumberTest/("445.56", Number(445.56))
Command: "/Users/nr/projects/jerry/build/bin/tokenizer_tests" "--gtest_filter=JsonNumberTests/JsonNumberTest.NumberTest/1" "--gtest_also_run_disabled_tests"
Directory: /Users/nr/projects/jerry/build
"JsonNumberTests/JsonNumberTest.NumberTest/("445.56", Number(445.56))" start time: Mar 16 10:47 EDT
Output:
----------------------------------------------------------
Running main() from /tmp/googletest-20250207-4735-e28tfc/googletest-1.16.0/googletest/src/gtest_main.cc
Note: Google Test filter = JsonNumberTests/JsonNumberTest.NumberTest/1
[==========] Running 1 test from 1 test suite.
[----------] Global test environment set-up.
[----------] 1 test from JsonNumberTests/JsonNumberTest
[ RUN      ] JsonNumberTests/JsonNumberTest.NumberTest/1
[       OK ] JsonNumberTests/JsonNumberTest.NumberTest/1 (0 ms)
[----------] 1 test from JsonNumberTests/JsonNumberTest (0 ms total)

[----------] Global test environment tear-down
[==========] 1 test from 1 test suite ran. (0 ms total)
[  PASSED  ] 1 test.
<end of output>
Test time =   0.03 sec
----------------------------------------------------------
Test Passed.
"JsonNumberTests/JsonNumberTest.NumberTest/("445.56", Number(445.56))" end time: Mar 16 10:47 EDT
"JsonNumberTests/JsonNumberTest.NumberTest/("445.56", Number(445.56))" time elapsed: 00:00:00
----------------------------------------------------------

End testing: Mar 16 10:47 EDT
